[ 2018-05-10T20:00:37+08:00 ] ::1 /think/index.php/home/user/index
INFO: [ app_init ] --START--
INFO: Run Behavior\BuildLiteBehavior [ RunTime:0.000007s ]
INFO: [ app_init ] --END-- [ RunTime:0.000680s ]
INFO: [ app_begin ] --START--
INFO: Run Behavior\ReadHtmlCacheBehavior [ RunTime:0.001176s ]
INFO: [ app_begin ] --END-- [ RunTime:0.001218s ]
ERR: Class 'Home\Controller\Model' not found

[ 2018-05-10T20:01:15+08:00 ] ::1 /think/index.php/home/user/index
INFO: [ app_init ] --START--
INFO: Run Behavior\BuildLiteBehavior [ RunTime:0.000005s ]
INFO: [ app_init ] --END-- [ RunTime:0.000651s ]
INFO: [ app_begin ] --START--
INFO: Run Behavior\ReadHtmlCacheBehavior [ RunTime:0.000706s ]
INFO: [ app_begin ] --END-- [ RunTime:0.000733s ]
ERR: Class 'Home\Controller\Model' not found

[ 2018-05-10T20:01:16+08:00 ] ::1 /think/index.php/home/user/index
INFO: [ app_init ] --START--
INFO: Run Behavior\BuildLiteBehavior [ RunTime:0.000008s ]
INFO: [ app_init ] --END-- [ RunTime:0.000911s ]
INFO: [ app_begin ] --START--
INFO: Run Behavior\ReadHtmlCacheBehavior [ RunTime:0.000944s ]
INFO: [ app_begin ] --END-- [ RunTime:0.000986s ]
ERR: Class 'Home\Controller\Model' not found

[ 2018-05-10T20:01:16+08:00 ] ::1 /think/index.php/home/user/index
INFO: [ app_init ] --START--
INFO: Run Behavior\BuildLiteBehavior [ RunTime:0.000006s ]
INFO: [ app_init ] --END-- [ RunTime:0.000598s ]
INFO: [ app_begin ] --START--
INFO: Run Behavior\ReadHtmlCacheBehavior [ RunTime:0.001161s ]
INFO: [ app_begin ] --END-- [ RunTime:0.001270s ]
ERR: Class 'Home\Controller\Model' not found

[ 2018-05-10T20:01:17+08:00 ] ::1 /think/index.php/home/user/index
INFO: [ app_init ] --START--
INFO: Run Behavior\BuildLiteBehavior [ RunTime:0.000008s ]
INFO: [ app_init ] --END-- [ RunTime:0.000979s ]
INFO: [ app_begin ] --START--
INFO: Run Behavior\ReadHtmlCacheBehavior [ RunTime:0.000713s ]
INFO: [ app_begin ] --END-- [ RunTime:0.000747s ]
ERR: Class 'Home\Controller\Model' not found

[ 2018-05-10T20:02:16+08:00 ] ::1 /think/index.php/home/user/index
INFO: [ app_init ] --START--
INFO: Run Behavior\BuildLiteBehavior [ RunTime:0.000006s ]
INFO: [ app_init ] --END-- [ RunTime:0.000586s ]
INFO: [ app_begin ] --START--
INFO: Run Behavior\ReadHtmlCacheBehavior [ RunTime:0.000714s ]
INFO: [ app_begin ] --END-- [ RunTime:0.000736s ]
ERR: 无法加载数据库驱动: Think\Db\Driver\Pdo

[ 2018-05-10T20:02:17+08:00 ] ::1 /think/index.php/home/user/index
INFO: [ app_init ] --START--
INFO: Run Behavior\BuildLiteBehavior [ RunTime:0.000007s ]
INFO: [ app_init ] --END-- [ RunTime:0.000764s ]
INFO: [ app_begin ] --START--
INFO: Run Behavior\ReadHtmlCacheBehavior [ RunTime:0.000674s ]
INFO: [ app_begin ] --END-- [ RunTime:0.000698s ]
ERR: 无法加载数据库驱动: Think\Db\Driver\Pdo

[ 2018-05-10T20:02:18+08:00 ] ::1 /think/index.php/home/user/index
INFO: [ app_init ] --START--
INFO: Run Behavior\BuildLiteBehavior [ RunTime:0.000023s ]
INFO: [ app_init ] --END-- [ RunTime:0.001446s ]
INFO: [ app_begin ] --START--
INFO: Run Behavior\ReadHtmlCacheBehavior [ RunTime:0.000748s ]
INFO: [ app_begin ] --END-- [ RunTime:0.000775s ]
ERR: 无法加载数据库驱动: Think\Db\Driver\Pdo

[ 2018-05-10T20:02:18+08:00 ] ::1 /think/index.php/home/user/index
INFO: [ app_init ] --START--
INFO: Run Behavior\BuildLiteBehavior [ RunTime:0.000012s ]
INFO: [ app_init ] --END-- [ RunTime:0.001175s ]
INFO: [ app_begin ] --START--
INFO: Run Behavior\ReadHtmlCacheBehavior [ RunTime:0.001261s ]
INFO: [ app_begin ] --END-- [ RunTime:0.001312s ]
ERR: 无法加载数据库驱动: Think\Db\Driver\Pdo

[ 2018-05-10T20:02:19+08:00 ] ::1 /think/index.php/home/user/index
INFO: [ app_init ] --START--
INFO: Run Behavior\BuildLiteBehavior [ RunTime:0.000007s ]
INFO: [ app_init ] --END-- [ RunTime:0.000688s ]
INFO: [ app_begin ] --START--
INFO: Run Behavior\ReadHtmlCacheBehavior [ RunTime:0.000810s ]
INFO: [ app_begin ] --END-- [ RunTime:0.000838s ]
ERR: 无法加载数据库驱动: Think\Db\Driver\Pdo

[ 2018-05-10T20:02:33+08:00 ] ::1 /think/index.php/home/user/index
INFO: [ app_init ] --START--
INFO: Run Behavior\BuildLiteBehavior [ RunTime:0.000007s ]
INFO: [ app_init ] --END-- [ RunTime:0.000907s ]
INFO: [ app_begin ] --START--
INFO: Run Behavior\ReadHtmlCacheBehavior [ RunTime:0.000736s ]
INFO: [ app_begin ] --END-- [ RunTime:0.000763s ]
ERR: 无法加载数据库驱动: Think\Db\Driver\

[ 2018-05-10T20:02:34+08:00 ] ::1 /think/index.php/home/user/index
INFO: [ app_init ] --START--
INFO: Run Behavior\BuildLiteBehavior [ RunTime:0.000007s ]
INFO: [ app_init ] --END-- [ RunTime:0.000677s ]
INFO: [ app_begin ] --START--
INFO: Run Behavior\ReadHtmlCacheBehavior [ RunTime:0.000699s ]
INFO: [ app_begin ] --END-- [ RunTime:0.000724s ]
ERR: 无法加载数据库驱动: Think\Db\Driver\

[ 2018-05-10T20:02:35+08:00 ] ::1 /think/index.php/home/user/index
INFO: [ app_init ] --START--
INFO: Run Behavior\BuildLiteBehavior [ RunTime:0.000007s ]
INFO: [ app_init ] --END-- [ RunTime:0.000667s ]
INFO: [ app_begin ] --START--
INFO: Run Behavior\ReadHtmlCacheBehavior [ RunTime:0.000702s ]
INFO: [ app_begin ] --END-- [ RunTime:0.000727s ]
ERR: 无法加载数据库驱动: Think\Db\Driver\

[ 2018-05-10T20:02:35+08:00 ] ::1 /think/index.php/home/user/index
INFO: [ app_init ] --START--
INFO: Run Behavior\BuildLiteBehavior [ RunTime:0.000006s ]
INFO: [ app_init ] --END-- [ RunTime:0.000622s ]
INFO: [ app_begin ] --START--
INFO: Run Behavior\ReadHtmlCacheBehavior [ RunTime:0.001171s ]
INFO: [ app_begin ] --END-- [ RunTime:0.001225s ]
ERR: 无法加载数据库驱动: Think\Db\Driver\

[ 2018-05-10T20:02:35+08:00 ] ::1 /think/index.php/home/user/index
INFO: [ app_init ] --START--
INFO: Run Behavior\BuildLiteBehavior [ RunTime:0.000008s ]
INFO: [ app_init ] --END-- [ RunTime:0.000979s ]
INFO: [ app_begin ] --START--
INFO: Run Behavior\ReadHtmlCacheBehavior [ RunTime:0.000790s ]
INFO: [ app_begin ] --END-- [ RunTime:0.000814s ]
ERR: 无法加载数据库驱动: Think\Db\Driver\

[ 2018-05-10T20:02:35+08:00 ] ::1 /think/index.php/home/user/index
INFO: [ app_init ] --START--
INFO: Run Behavior\BuildLiteBehavior [ RunTime:0.000007s ]
INFO: [ app_init ] --END-- [ RunTime:0.000646s ]
INFO: [ app_begin ] --START--
INFO: Run Behavior\ReadHtmlCacheBehavior [ RunTime:0.000731s ]
INFO: [ app_begin ] --END-- [ RunTime:0.000757s ]
ERR: 无法加载数据库驱动: Think\Db\Driver\

[ 2018-05-10T20:02:36+08:00 ] ::1 /think/index.php/home/user/index
INFO: [ app_init ] --START--
INFO: Run Behavior\BuildLiteBehavior [ RunTime:0.000074s ]
INFO: [ app_init ] --END-- [ RunTime:0.003281s ]
INFO: [ app_begin ] --START--
INFO: Run Behavior\ReadHtmlCacheBehavior [ RunTime:0.000767s ]
INFO: [ app_begin ] --END-- [ RunTime:0.000798s ]
ERR: 无法加载数据库驱动: Think\Db\Driver\

[ 2018-05-10T20:02:36+08:00 ] ::1 /think/index.php/home/user/index
INFO: [ app_init ] --START--
INFO: Run Behavior\BuildLiteBehavior [ RunTime:0.000023s ]
INFO: [ app_init ] --END-- [ RunTime:0.000940s ]
INFO: [ app_begin ] --START--
INFO: Run Behavior\ReadHtmlCacheBehavior [ RunTime:0.000652s ]
INFO: [ app_begin ] --END-- [ RunTime:0.000676s ]
ERR: 无法加载数据库驱动: Think\Db\Driver\

[ 2018-05-10T20:02:46+08:00 ] ::1 /think/index.php/home/user/index
INFO: [ app_init ] --START--
INFO: Run Behavior\BuildLiteBehavior [ RunTime:0.000011s ]
INFO: [ app_init ] --END-- [ RunTime:0.001206s ]
INFO: [ app_begin ] --START--
INFO: Run Behavior\ReadHtmlCacheBehavior [ RunTime:0.000969s ]
INFO: [ app_begin ] --END-- [ RunTime:0.001012s ]
ERR: 无法加载数据库驱动: Think\Db\Driver\Pdo

[ 2018-05-10T20:04:00+08:00 ] ::1 /think/index.php/home/user/index
INFO: [ app_init ] --START--
INFO: Run Behavior\BuildLiteBehavior [ RunTime:0.000012s ]
INFO: [ app_init ] --END-- [ RunTime:0.000881s ]
INFO: [ app_begin ] --START--
INFO: Run Behavior\ReadHtmlCacheBehavior [ RunTime:0.000946s ]
INFO: [ app_begin ] --END-- [ RunTime:0.000978s ]
ERR: 无法加载数据库驱动: Think\Db\Driver\Pdo

[ 2018-05-10T20:04:01+08:00 ] ::1 /think/index.php/home/user/index
INFO: [ app_init ] --START--
INFO: Run Behavior\BuildLiteBehavior [ RunTime:0.000006s ]
INFO: [ app_init ] --END-- [ RunTime:0.000606s ]
INFO: [ app_begin ] --START--
INFO: Run Behavior\ReadHtmlCacheBehavior [ RunTime:0.000914s ]
INFO: [ app_begin ] --END-- [ RunTime:0.000949s ]
ERR: 无法加载数据库驱动: Think\Db\Driver\Pdo

[ 2018-05-10T20:04:02+08:00 ] ::1 /think/index.php/home/user/index
INFO: [ app_init ] --START--
INFO: Run Behavior\BuildLiteBehavior [ RunTime:0.000047s ]
INFO: [ app_init ] --END-- [ RunTime:0.001202s ]
INFO: [ app_begin ] --START--
INFO: Run Behavior\ReadHtmlCacheBehavior [ RunTime:0.000754s ]
INFO: [ app_begin ] --END-- [ RunTime:0.000784s ]
ERR: 无法加载数据库驱动: Think\Db\Driver\Pdo

[ 2018-05-10T20:04:02+08:00 ] ::1 /think/index.php/home/user/index
INFO: [ app_init ] --START--
INFO: Run Behavior\BuildLiteBehavior [ RunTime:0.000009s ]
INFO: [ app_init ] --END-- [ RunTime:0.000773s ]
INFO: [ app_begin ] --START--
INFO: Run Behavior\ReadHtmlCacheBehavior [ RunTime:0.000974s ]
INFO: [ app_begin ] --END-- [ RunTime:0.001022s ]
ERR: 无法加载数据库驱动: Think\Db\Driver\Pdo

[ 2018-05-10T20:04:02+08:00 ] ::1 /think/index.php/home/user/index
INFO: [ app_init ] --START--
INFO: Run Behavior\BuildLiteBehavior [ RunTime:0.000006s ]
INFO: [ app_init ] --END-- [ RunTime:0.000714s ]
INFO: [ app_begin ] --START--
INFO: Run Behavior\ReadHtmlCacheBehavior [ RunTime:0.002242s ]
INFO: [ app_begin ] --END-- [ RunTime:0.002347s ]
ERR: 无法加载数据库驱动: Think\Db\Driver\Pdo

[ 2018-05-10T20:04:03+08:00 ] ::1 /think/index.php/home/user/index
INFO: [ app_init ] --START--
INFO: Run Behavior\BuildLiteBehavior [ RunTime:0.000009s ]
INFO: [ app_init ] --END-- [ RunTime:0.000695s ]
INFO: [ app_begin ] --START--
INFO: Run Behavior\ReadHtmlCacheBehavior [ RunTime:0.000843s ]
INFO: [ app_begin ] --END-- [ RunTime:0.000873s ]
ERR: 无法加载数据库驱动: Think\Db\Driver\Pdo

[ 2018-05-10T20:04:03+08:00 ] ::1 /think/index.php/home/user/index
INFO: [ app_init ] --START--
INFO: Run Behavior\BuildLiteBehavior [ RunTime:0.000007s ]
INFO: [ app_init ] --END-- [ RunTime:0.000612s ]
INFO: [ app_begin ] --START--
INFO: Run Behavior\ReadHtmlCacheBehavior [ RunTime:0.000706s ]
INFO: [ app_begin ] --END-- [ RunTime:0.000730s ]
ERR: 无法加载数据库驱动: Think\Db\Driver\Pdo

[ 2018-05-10T20:04:09+08:00 ] ::1 /think/index.php/home/user/index
INFO: [ app_init ] --START--
INFO: Run Behavior\BuildLiteBehavior [ RunTime:0.000006s ]
INFO: [ app_init ] --END-- [ RunTime:0.000720s ]
INFO: [ app_begin ] --START--
INFO: Run Behavior\ReadHtmlCacheBehavior [ RunTime:0.000808s ]
INFO: [ app_begin ] --END-- [ RunTime:0.000831s ]
ERR: 无法加载数据库驱动: Think\Db\Driver\Pdo

[ 2018-05-10T20:04:10+08:00 ] ::1 /think/index.php/home/user/index
INFO: [ app_init ] --START--
INFO: Run Behavior\BuildLiteBehavior [ RunTime:0.000006s ]
INFO: [ app_init ] --END-- [ RunTime:0.000590s ]
INFO: [ app_begin ] --START--
INFO: Run Behavior\ReadHtmlCacheBehavior [ RunTime:0.002698s ]
INFO: [ app_begin ] --END-- [ RunTime:0.002913s ]
ERR: 无法加载数据库驱动: Think\Db\Driver\Pdo

[ 2018-05-10T20:04:10+08:00 ] ::1 /think/index.php/home/user/index
INFO: [ app_init ] --START--
INFO: Run Behavior\BuildLiteBehavior [ RunTime:0.000007s ]
INFO: [ app_init ] --END-- [ RunTime:0.000887s ]
INFO: [ app_begin ] --START--
INFO: Run Behavior\ReadHtmlCacheBehavior [ RunTime:0.000704s ]
INFO: [ app_begin ] --END-- [ RunTime:0.000727s ]
ERR: 无法加载数据库驱动: Think\Db\Driver\Pdo

[ 2018-05-10T20:04:10+08:00 ] ::1 /think/index.php/home/user/index
INFO: [ app_init ] --START--
INFO: Run Behavior\BuildLiteBehavior [ RunTime:0.000007s ]
INFO: [ app_init ] --END-- [ RunTime:0.000654s ]
INFO: [ app_begin ] --START--
INFO: Run Behavior\ReadHtmlCacheBehavior [ RunTime:0.000752s ]
INFO: [ app_begin ] --END-- [ RunTime:0.000776s ]
ERR: 无法加载数据库驱动: Think\Db\Driver\Pdo

[ 2018-05-10T20:04:11+08:00 ] ::1 /think/index.php/home/user/index
INFO: [ app_init ] --START--
INFO: Run Behavior\BuildLiteBehavior [ RunTime:0.000026s ]
INFO: [ app_init ] --END-- [ RunTime:0.001476s ]
INFO: [ app_begin ] --START--
INFO: Run Behavior\ReadHtmlCacheBehavior [ RunTime:0.000752s ]
INFO: [ app_begin ] --END-- [ RunTime:0.000779s ]
ERR: 无法加载数据库驱动: Think\Db\Driver\Pdo

[ 2018-05-10T20:04:11+08:00 ] ::1 /think/index.php/home/user/index
INFO: [ app_init ] --START--
INFO: Run Behavior\BuildLiteBehavior [ RunTime:0.000044s ]
INFO: [ app_init ] --END-- [ RunTime:0.001290s ]
INFO: [ app_begin ] --START--
INFO: Run Behavior\ReadHtmlCacheBehavior [ RunTime:0.000934s ]
INFO: [ app_begin ] --END-- [ RunTime:0.000983s ]
ERR: 无法加载数据库驱动: Think\Db\Driver\Pdo

[ 2018-05-10T20:04:11+08:00 ] ::1 /think/index.php/home/user/index
INFO: [ app_init ] --START--
INFO: Run Behavior\BuildLiteBehavior [ RunTime:0.000006s ]
INFO: [ app_init ] --END-- [ RunTime:0.000615s ]
INFO: [ app_begin ] --START--
INFO: Run Behavior\ReadHtmlCacheBehavior [ RunTime:0.000695s ]
INFO: [ app_begin ] --END-- [ RunTime:0.000720s ]
ERR: 无法加载数据库驱动: Think\Db\Driver\Pdo

[ 2018-05-10T20:04:12+08:00 ] ::1 /think/index.php/home/user/index
INFO: [ app_init ] --START--
INFO: Run Behavior\BuildLiteBehavior [ RunTime:0.000007s ]
INFO: [ app_init ] --END-- [ RunTime:0.000579s ]
INFO: [ app_begin ] --START--
INFO: Run Behavior\ReadHtmlCacheBehavior [ RunTime:0.001224s ]
INFO: [ app_begin ] --END-- [ RunTime:0.001288s ]
ERR: 无法加载数据库驱动: Think\Db\Driver\Pdo

[ 2018-05-10T20:04:12+08:00 ] ::1 /think/index.php/home/user/index
INFO: [ app_init ] --START--
INFO: Run Behavior\BuildLiteBehavior [ RunTime:0.000009s ]
INFO: [ app_init ] --END-- [ RunTime:0.000801s ]
INFO: [ app_begin ] --START--
INFO: Run Behavior\ReadHtmlCacheBehavior [ RunTime:0.000842s ]
INFO: [ app_begin ] --END-- [ RunTime:0.000878s ]
ERR: 无法加载数据库驱动: Think\Db\Driver\Pdo

[ 2018-05-10T20:04:12+08:00 ] ::1 /think/index.php/home/user/index
INFO: [ app_init ] --START--
INFO: Run Behavior\BuildLiteBehavior [ RunTime:0.000007s ]
INFO: [ app_init ] --END-- [ RunTime:0.000634s ]
INFO: [ app_begin ] --START--
INFO: Run Behavior\ReadHtmlCacheBehavior [ RunTime:0.001399s ]
INFO: [ app_begin ] --END-- [ RunTime:0.001451s ]
ERR: 无法加载数据库驱动: Think\Db\Driver\Pdo

[ 2018-05-10T20:04:12+08:00 ] ::1 /think/index.php/home/user/index
INFO: [ app_init ] --START--
INFO: Run Behavior\BuildLiteBehavior [ RunTime:0.000007s ]
INFO: [ app_init ] --END-- [ RunTime:0.000605s ]
INFO: [ app_begin ] --START--
INFO: Run Behavior\ReadHtmlCacheBehavior [ RunTime:0.001857s ]
INFO: [ app_begin ] --END-- [ RunTime:0.001922s ]
ERR: 无法加载数据库驱动: Think\Db\Driver\Pdo

[ 2018-05-10T20:04:13+08:00 ] ::1 /think/index.php/home/user/index
INFO: [ app_init ] --START--
INFO: Run Behavior\BuildLiteBehavior [ RunTime:0.000026s ]
INFO: [ app_init ] --END-- [ RunTime:0.000900s ]
INFO: [ app_begin ] --START--
INFO: Run Behavior\ReadHtmlCacheBehavior [ RunTime:0.000734s ]
INFO: [ app_begin ] --END-- [ RunTime:0.000763s ]
ERR: 无法加载数据库驱动: Think\Db\Driver\Pdo

[ 2018-05-10T20:04:13+08:00 ] ::1 /think/index.php/home/user/index
INFO: [ app_init ] --START--
INFO: Run Behavior\BuildLiteBehavior [ RunTime:0.000021s ]
INFO: [ app_init ] --END-- [ RunTime:0.001154s ]
INFO: [ app_begin ] --START--
INFO: Run Behavior\ReadHtmlCacheBehavior [ RunTime:0.000744s ]
INFO: [ app_begin ] --END-- [ RunTime:0.000769s ]
ERR: 无法加载数据库驱动: Think\Db\Driver\Pdo

[ 2018-05-10T20:04:13+08:00 ] ::1 /think/index.php/home/user/index
INFO: [ app_init ] --START--
INFO: Run Behavior\BuildLiteBehavior [ RunTime:0.000006s ]
INFO: [ app_init ] --END-- [ RunTime:0.000553s ]
INFO: [ app_begin ] --START--
INFO: Run Behavior\ReadHtmlCacheBehavior [ RunTime:0.000708s ]
INFO: [ app_begin ] --END-- [ RunTime:0.000731s ]
ERR: 无法加载数据库驱动: Think\Db\Driver\Pdo

[ 2018-05-10T20:04:14+08:00 ] ::1 /think/index.php/home/user/index
INFO: [ app_init ] --START--
INFO: Run Behavior\BuildLiteBehavior [ RunTime:0.000007s ]
INFO: [ app_init ] --END-- [ RunTime:0.000624s ]
INFO: [ app_begin ] --START--
INFO: Run Behavior\ReadHtmlCacheBehavior [ RunTime:0.000702s ]
INFO: [ app_begin ] --END-- [ RunTime:0.000726s ]
ERR: 无法加载数据库驱动: Think\Db\Driver\Pdo

[ 2018-05-10T20:04:15+08:00 ] ::1 /think/index.php/home/user/index
INFO: [ app_init ] --START--
INFO: Run Behavior\BuildLiteBehavior [ RunTime:0.000069s ]
INFO: [ app_init ] --END-- [ RunTime:0.001946s ]
INFO: [ app_begin ] --START--
INFO: Run Behavior\ReadHtmlCacheBehavior [ RunTime:0.001072s ]
INFO: [ app_begin ] --END-- [ RunTime:0.001124s ]
ERR: 无法加载数据库驱动: Think\Db\Driver\Pdo

[ 2018-05-10T20:04:15+08:00 ] ::1 /think/index.php/home/user/index
INFO: [ app_init ] --START--
INFO: Run Behavior\BuildLiteBehavior [ RunTime:0.000006s ]
INFO: [ app_init ] --END-- [ RunTime:0.000621s ]
INFO: [ app_begin ] --START--
INFO: Run Behavior\ReadHtmlCacheBehavior [ RunTime:0.000966s ]
INFO: [ app_begin ] --END-- [ RunTime:0.001010s ]
ERR: 无法加载数据库驱动: Think\Db\Driver\Pdo

[ 2018-05-10T20:04:16+08:00 ] ::1 /think/index.php/home/user/index
INFO: [ app_init ] --START--
INFO: Run Behavior\BuildLiteBehavior [ RunTime:0.000006s ]
INFO: [ app_init ] --END-- [ RunTime:0.000614s ]
INFO: [ app_begin ] --START--
INFO: Run Behavior\ReadHtmlCacheBehavior [ RunTime:0.000685s ]
INFO: [ app_begin ] --END-- [ RunTime:0.000708s ]
ERR: 无法加载数据库驱动: Think\Db\Driver\Pdo

[ 2018-05-10T20:04:16+08:00 ] ::1 /think/index.php/home/user/index
INFO: [ app_init ] --START--
INFO: Run Behavior\BuildLiteBehavior [ RunTime:0.000008s ]
INFO: [ app_init ] --END-- [ RunTime:0.001389s ]
INFO: [ app_begin ] --START--
INFO: Run Behavior\ReadHtmlCacheBehavior [ RunTime:0.000717s ]
INFO: [ app_begin ] --END-- [ RunTime:0.000763s ]
ERR: 无法加载数据库驱动: Think\Db\Driver\Pdo

[ 2018-05-10T20:04:17+08:00 ] ::1 /think/index.php/home/user/index
INFO: [ app_init ] --START--
INFO: Run Behavior\BuildLiteBehavior [ RunTime:0.000008s ]
INFO: [ app_init ] --END-- [ RunTime:0.000871s ]
INFO: [ app_begin ] --START--
INFO: Run Behavior\ReadHtmlCacheBehavior [ RunTime:0.002333s ]
INFO: [ app_begin ] --END-- [ RunTime:0.002473s ]
ERR: 无法加载数据库驱动: Think\Db\Driver\Pdo

[ 2018-05-10T20:04:20+08:00 ] ::1 /think/index.php/home/user/index
INFO: [ app_init ] --START--
INFO: Run Behavior\BuildLiteBehavior [ RunTime:0.000006s ]
INFO: [ app_init ] --END-- [ RunTime:0.000593s ]
INFO: [ app_begin ] --START--
INFO: Run Behavior\ReadHtmlCacheBehavior [ RunTime:0.001777s ]
INFO: [ app_begin ] --END-- [ RunTime:0.001872s ]
ERR: 无法加载数据库驱动: Think\Db\Driver\Pdo

[ 2018-05-10T20:04:20+08:00 ] ::1 /think/index.php/home/user/index
INFO: [ app_init ] --START--
INFO: Run Behavior\BuildLiteBehavior [ RunTime:0.000007s ]
INFO: [ app_init ] --END-- [ RunTime:0.000724s ]
INFO: [ app_begin ] --START--
INFO: Run Behavior\ReadHtmlCacheBehavior [ RunTime:0.001358s ]
INFO: [ app_begin ] --END-- [ RunTime:0.001428s ]
ERR: 无法加载数据库驱动: Think\Db\Driver\Pdo

[ 2018-05-10T20:05:08+08:00 ] ::1 /think/index.php/home/user/index
INFO: [ app_init ] --START--
INFO: Run Behavior\BuildLiteBehavior [ RunTime:0.000008s ]
INFO: [ app_init ] --END-- [ RunTime:0.000806s ]
INFO: [ app_begin ] --START--
INFO: Run Behavior\ReadHtmlCacheBehavior [ RunTime:0.000796s ]
INFO: [ app_begin ] --END-- [ RunTime:0.000819s ]
SQL: select * from c5_user [ RunTime:0.0008s ]
INFO: [ app_end ] --START--
INFO: Run Behavior\ShowPageTraceBehavior [ RunTime:0.027943s ]
INFO: [ app_end ] --END-- [ RunTime:0.028049s ]

[ 2018-05-10T20:06:12+08:00 ] ::1 /think/index.php/home/user/index
INFO: [ app_init ] --START--
INFO: Run Behavior\BuildLiteBehavior [ RunTime:0.000006s ]
INFO: [ app_init ] --END-- [ RunTime:0.000916s ]
INFO: [ app_begin ] --START--
INFO: Run Behavior\ReadHtmlCacheBehavior [ RunTime:0.001343s ]
INFO: [ app_begin ] --END-- [ RunTime:0.001416s ]
SQL: select * from c5_user [ RunTime:0.0008s ]
INFO: [ app_end ] --START--
INFO: Run Behavior\ShowPageTraceBehavior [ RunTime:0.004866s ]
INFO: [ app_end ] --END-- [ RunTime:0.004958s ]

[ 2018-05-10T20:06:53+08:00 ] ::1 /think/index.php/home/user/index
INFO: [ app_init ] --START--
INFO: Run Behavior\BuildLiteBehavior [ RunTime:0.000006s ]
INFO: [ app_init ] --END-- [ RunTime:0.000795s ]
INFO: [ app_begin ] --START--
INFO: Run Behavior\ReadHtmlCacheBehavior [ RunTime:0.001308s ]
INFO: [ app_begin ] --END-- [ RunTime:0.001349s ]
SQL: select * from c5_user [ RunTime:0.0008s ]

[ 2018-05-10T20:10:29+08:00 ] ::1 /think/index.php/home/user/index
INFO: [ app_init ] --START--
INFO: Run Behavior\BuildLiteBehavior [ RunTime:0.000011s ]
INFO: [ app_init ] --END-- [ RunTime:0.000825s ]
INFO: [ app_begin ] --START--
INFO: Run Behavior\ReadHtmlCacheBehavior [ RunTime:0.002656s ]
INFO: [ app_begin ] --END-- [ RunTime:0.002777s ]
SQL: select * from c5_user [ RunTime:0.0016s ]

[ 2018-05-10T20:17:08+08:00 ] ::1 /think/index.php/home/user/index
INFO: [ app_init ] --START--
INFO: Run Behavior\BuildLiteBehavior [ RunTime:0.000010s ]
INFO: [ app_init ] --END-- [ RunTime:0.002640s ]
INFO: [ app_begin ] --START--
INFO: Run Behavior\ReadHtmlCacheBehavior [ RunTime:0.001847s ]
INFO: [ app_begin ] --END-- [ RunTime:0.001889s ]
SQL: select * from c5_user [ RunTime:0.0004s ]

[ 2018-05-10T20:24:09+08:00 ] ::1 /think/index.php/home/user/index
INFO: [ app_init ] --START--
INFO: Run Behavior\BuildLiteBehavior [ RunTime:0.000009s ]
INFO: [ app_init ] --END-- [ RunTime:0.001311s ]
INFO: [ app_begin ] --START--
INFO: Run Behavior\ReadHtmlCacheBehavior [ RunTime:0.001688s ]
INFO: [ app_begin ] --END-- [ RunTime:0.001719s ]
SQL: select * from c5_user [ RunTime:0.0008s ]

[ 2018-05-10T20:26:16+08:00 ] ::1 /think/index.php/home/user/index
INFO: [ app_init ] --START--
INFO: Run Behavior\BuildLiteBehavior [ RunTime:0.000021s ]
INFO: [ app_init ] --END-- [ RunTime:0.000802s ]
INFO: [ app_begin ] --START--
INFO: Run Behavior\ReadHtmlCacheBehavior [ RunTime:0.001098s ]
INFO: [ app_begin ] --END-- [ RunTime:0.001125s ]
SQL: SHOW COLUMNS FROM `c5_user` [ RunTime:0.0720s ]
SQL: SELECT * FROM `c5_user` WHERE ( status=1 ) ORDER BY create_time desc LIMIT 10   [ RunTime:0.0014s ]

[ 2018-05-10T20:36:56+08:00 ] ::1 /think/index.php/home/user/index
INFO: [ app_init ] --START--
INFO: Run Behavior\BuildLiteBehavior [ RunTime:0.000007s ]
INFO: [ app_init ] --END-- [ RunTime:0.000943s ]
INFO: [ app_begin ] --START--
INFO: Run Behavior\ReadHtmlCacheBehavior [ RunTime:0.001068s ]
INFO: [ app_begin ] --END-- [ RunTime:0.001095s ]
SQL: SHOW COLUMNS FROM `c5_user` [ RunTime:0.0779s ]
SQL: SHOW COLUMNS FROM `c5_guanlian` [ RunTime:0.0698s ]
SQL: SELECT guanlian.id as id,guanlian.name as name,user.username as username,user.password as password FROM c5_guanlian guanlian,c5_user user WHERE ( guanlian.userid = user.userid ) ORDER BY user.id desc  [ RunTime:0.0733s ]

[ 2018-05-10T20:38:35+08:00 ] ::1 /think/index.php/home/user/index
INFO: [ app_init ] --START--
INFO: Run Behavior\BuildLiteBehavior [ RunTime:0.000015s ]
INFO: [ app_init ] --END-- [ RunTime:0.000963s ]
INFO: [ app_begin ] --START--
INFO: Run Behavior\ReadHtmlCacheBehavior [ RunTime:0.000825s ]
INFO: [ app_begin ] --END-- [ RunTime:0.000851s ]
SQL: SHOW COLUMNS FROM `c5_user` [ RunTime:0.0749s ]
SQL: SHOW COLUMNS FROM `c5_guanlian` [ RunTime:0.0687s ]
SQL: SELECT user.username as username,user.password as password FROM c5_guanlian guanlian,c5_user user WHERE ( guanlian.userid = user.userid ) ORDER BY user.id desc  [ RunTime:0.0250s ]

[ 2018-05-10T20:42:14+08:00 ] ::1 /think/index.php/home/user/index
INFO: [ app_init ] --START--
INFO: Run Behavior\BuildLiteBehavior [ RunTime:0.000008s ]
INFO: [ app_init ] --END-- [ RunTime:0.000944s ]
INFO: [ app_begin ] --START--
INFO: Run Behavior\ReadHtmlCacheBehavior [ RunTime:0.001106s ]
INFO: [ app_begin ] --END-- [ RunTime:0.001138s ]
SQL: SHOW COLUMNS FROM `c5_user` [ RunTime:0.0760s ]
SQL: SHOW COLUMNS FROM `c5_user` [ RunTime:0.0748s ]
ERR: 1054:Unknown column 'c5_guanlian.userid' in 'where clause'
 [ SQL语句 ] : SELECT user.username as username,user.password as password FROM c5_user user WHERE ( c5_guanlian.userid = user.userid ) ORDER BY user.id desc 
ERR: 1054:Unknown column 'c5_guanlian.userid' in 'where clause'
 [ SQL语句 ] : SELECT user.username as username,user.password as password FROM c5_user user WHERE ( c5_guanlian.userid = user.userid ) ORDER BY user.id desc 

[ 2018-05-10T20:42:43+08:00 ] ::1 /think/index.php/home/user/index
INFO: [ app_init ] --START--
INFO: Run Behavior\BuildLiteBehavior [ RunTime:0.000007s ]
INFO: [ app_init ] --END-- [ RunTime:0.000737s ]
INFO: [ app_begin ] --START--
INFO: Run Behavior\ReadHtmlCacheBehavior [ RunTime:0.000988s ]
INFO: [ app_begin ] --END-- [ RunTime:0.001018s ]
SQL: SHOW COLUMNS FROM `c5_user` [ RunTime:0.0775s ]
SQL: SHOW COLUMNS FROM `c5_user` [ RunTime:0.0552s ]
ERR: 1054:Unknown column 'guanlian.userid' in 'where clause'
 [ SQL语句 ] : SELECT user.username as username,user.password as password FROM c5_user user WHERE ( guanlian.userid = user.userid ) ORDER BY user.id desc 
ERR: 1054:Unknown column 'guanlian.userid' in 'where clause'
 [ SQL语句 ] : SELECT user.username as username,user.password as password FROM c5_user user WHERE ( guanlian.userid = user.userid ) ORDER BY user.id desc 

[ 2018-05-10T20:45:12+08:00 ] ::1 /think/index.php/home/user/index
INFO: [ app_init ] --START--
INFO: Run Behavior\BuildLiteBehavior [ RunTime:0.000008s ]
INFO: [ app_init ] --END-- [ RunTime:0.000756s ]
INFO: [ app_begin ] --START--
INFO: Run Behavior\ReadHtmlCacheBehavior [ RunTime:0.001127s ]
INFO: [ app_begin ] --END-- [ RunTime:0.001161s ]
SQL: SHOW COLUMNS FROM `c5_user` [ RunTime:0.1079s ]
SQL: SHOW COLUMNS FROM `c5_user` [ RunTime:0.0769s ]
ERR: 1054:Unknown column 'c5_guanlian.userid' in 'where clause'
 [ SQL语句 ] : SELECT user.username as username,user.password as password FROM c5_user user WHERE ( c5_guanlian.userid = user.userid ) ORDER BY user.id desc 
ERR: 1054:Unknown column 'c5_guanlian.userid' in 'where clause'
 [ SQL语句 ] : SELECT user.username as username,user.password as password FROM c5_user user WHERE ( c5_guanlian.userid = user.userid ) ORDER BY user.id desc 

[ 2018-05-10T20:47:40+08:00 ] ::1 /think/index.php/home/user/index
INFO: [ app_init ] --START--
INFO: Run Behavior\BuildLiteBehavior [ RunTime:0.000014s ]
INFO: [ app_init ] --END-- [ RunTime:0.000999s ]
INFO: [ app_begin ] --START--
INFO: Run Behavior\ReadHtmlCacheBehavior [ RunTime:0.000947s ]
INFO: [ app_begin ] --END-- [ RunTime:0.000977s ]
SQL: SHOW COLUMNS FROM `c5_user` [ RunTime:0.0701s ]
SQL: SHOW COLUMNS FROM `c5_guanlian` [ RunTime:0.0888s ]
SQL: SELECT user.username as username,user.password as password FROM c5_guanlian guanlian,c5_user user WHERE ( guanlian.userid = user.userid ) ORDER BY user.id desc  [ RunTime:0.0691s ]

[ 2018-05-10T20:48:00+08:00 ] ::1 /think/index.php/home/user/index
INFO: [ app_init ] --START--
INFO: Run Behavior\BuildLiteBehavior [ RunTime:0.000006s ]
INFO: [ app_init ] --END-- [ RunTime:0.000612s ]
INFO: [ app_begin ] --START--
INFO: Run Behavior\ReadHtmlCacheBehavior [ RunTime:0.000804s ]
INFO: [ app_begin ] --END-- [ RunTime:0.000829s ]
SQL: SHOW COLUMNS FROM `c5_user` [ RunTime:0.0627s ]
SQL: SHOW COLUMNS FROM `c5_guanlian` [ RunTime:0.0697s ]
SQL: SELECT guanlian.name,user.username as username,user.password as password FROM c5_guanlian guanlian,c5_user user WHERE ( guanlian.userid = user.userid ) ORDER BY user.id desc  [ RunTime:0.0751s ]

[ 2018-05-10T20:49:50+08:00 ] ::1 /think/index.php/home/user/index
INFO: [ app_init ] --START--
INFO: Run Behavior\BuildLiteBehavior [ RunTime:0.000012s ]
INFO: [ app_init ] --END-- [ RunTime:0.000721s ]
INFO: [ app_begin ] --START--
INFO: Run Behavior\ReadHtmlCacheBehavior [ RunTime:0.000839s ]
INFO: [ app_begin ] --END-- [ RunTime:0.000869s ]
SQL: SHOW COLUMNS FROM `c5_user` [ RunTime:0.0817s ]
NOTIC: [8] Undefined variable: m D:\phpStudy\WWW\think\Application\Home\Controller\UserController.class.php 第 13 行.
ERR: Call to a member function query() on unknown

[ 2018-05-10T20:50:07+08:00 ] ::1 /think/index.php/home/user/index
INFO: [ app_init ] --START--
INFO: Run Behavior\BuildLiteBehavior [ RunTime:0.000007s ]
INFO: [ app_init ] --END-- [ RunTime:0.000806s ]
INFO: [ app_begin ] --START--
INFO: Run Behavior\ReadHtmlCacheBehavior [ RunTime:0.000873s ]
INFO: [ app_begin ] --END-- [ RunTime:0.000910s ]
SQL: SHOW COLUMNS FROM `c5_user` [ RunTime:0.0565s ]
ERR: 1054:Unknown column 'c5_guanlian.userid' in 'where clause'
 [ SQL语句 ] : select * from c5_user where c5_user.userid=c5_guanlian.userid
ERR: 1054:Unknown column 'c5_guanlian.userid' in 'where clause'
 [ SQL语句 ] : select * from c5_user where c5_user.userid=c5_guanlian.userid

[ 2018-05-10T20:50:27+08:00 ] ::1 /think/index.php/home/user/index
INFO: [ app_init ] --START--
INFO: Run Behavior\BuildLiteBehavior [ RunTime:0.000020s ]
INFO: [ app_init ] --END-- [ RunTime:0.001023s ]
INFO: [ app_begin ] --START--
INFO: Run Behavior\ReadHtmlCacheBehavior [ RunTime:0.000869s ]
INFO: [ app_begin ] --END-- [ RunTime:0.000939s ]
ERR: 1054:Unknown column 'c5_guanlian.userid' in 'where clause'
 [ SQL语句 ] : select * from c5_user where c5_user.userid=c5_guanlian.userid
ERR: 1054:Unknown column 'c5_guanlian.userid' in 'where clause'
 [ SQL语句 ] : select * from c5_user where c5_user.userid=c5_guanlian.userid

[ 2018-05-10T20:50:42+08:00 ] ::1 /think/index.php/home/user/index
INFO: [ app_init ] --START--
INFO: Run Behavior\BuildLiteBehavior [ RunTime:0.000023s ]
INFO: [ app_init ] --END-- [ RunTime:0.000653s ]
INFO: [ app_begin ] --START--
INFO: Run Behavior\ReadHtmlCacheBehavior [ RunTime:0.000728s ]
INFO: [ app_begin ] --END-- [ RunTime:0.000753s ]
SQL: select * from c5_user [ RunTime:0.0009s ]

[ 2018-05-10T20:51:17+08:00 ] ::1 /think/index.php/home/user/index
INFO: [ app_init ] --START--
INFO: Run Behavior\BuildLiteBehavior [ RunTime:0.000008s ]
INFO: [ app_init ] --END-- [ RunTime:0.001639s ]
INFO: [ app_begin ] --START--
INFO: Run Behavior\ReadHtmlCacheBehavior [ RunTime:0.002072s ]
INFO: [ app_begin ] --END-- [ RunTime:0.002100s ]
ERR: 1054:Unknown column 'c5_guanlian.userid' in 'where clause'
 [ SQL语句 ] : select * from c5_user where c5_user.userid=c5_guanlian.userid
ERR: 1054:Unknown column 'c5_guanlian.userid' in 'where clause'
 [ SQL语句 ] : select * from c5_user where c5_user.userid=c5_guanlian.userid

[ 2018-05-10T20:52:02+08:00 ] ::1 /think/index.php/home/user/index
INFO: [ app_init ] --START--
INFO: Run Behavior\BuildLiteBehavior [ RunTime:0.000050s ]
INFO: [ app_init ] --END-- [ RunTime:0.001166s ]
INFO: [ app_begin ] --START--
INFO: Run Behavior\ReadHtmlCacheBehavior [ RunTime:0.001513s ]
INFO: [ app_begin ] --END-- [ RunTime:0.001591s ]
ERR: 1054:Unknown column 'c5_guanlian.userid' in 'where clause'
 [ SQL语句 ] : select * from c5_user where c5_user.userid=c5_guanlian.userid
ERR: 1054:Unknown column 'c5_guanlian.userid' in 'where clause'
 [ SQL语句 ] : select * from c5_user where c5_user.userid=c5_guanlian.userid

[ 2018-05-10T20:52:27+08:00 ] ::1 /think/index.php/home/user/index
INFO: [ app_init ] --START--
INFO: Run Behavior\BuildLiteBehavior [ RunTime:0.000006s ]
INFO: [ app_init ] --END-- [ RunTime:0.000868s ]
INFO: [ app_begin ] --START--
INFO: Run Behavior\ReadHtmlCacheBehavior [ RunTime:0.001097s ]
INFO: [ app_begin ] --END-- [ RunTime:0.001126s ]
SQL: select * from c5_guanlian [ RunTime:0.0008s ]

[ 2018-05-10T20:52:53+08:00 ] ::1 /think/index.php/home/user/index
INFO: [ app_init ] --START--
INFO: Run Behavior\BuildLiteBehavior [ RunTime:0.000006s ]
INFO: [ app_init ] --END-- [ RunTime:0.000824s ]
INFO: [ app_begin ] --START--
INFO: Run Behavior\ReadHtmlCacheBehavior [ RunTime:0.001132s ]
INFO: [ app_begin ] --END-- [ RunTime:0.001162s ]
ERR: 1054:Unknown column 'c5_user.userid' in 'where clause'
 [ SQL语句 ] : select * from c5_guanlian where c5_user.userid=c5_guanlian.userid
ERR: 1054:Unknown column 'c5_user.userid' in 'where clause'
 [ SQL语句 ] : select * from c5_guanlian where c5_user.userid=c5_guanlian.userid

[ 2018-05-10T20:53:15+08:00 ] ::1 /think/index.php/home/user/index
INFO: [ app_init ] --START--
INFO: Run Behavior\BuildLiteBehavior [ RunTime:0.000007s ]
INFO: [ app_init ] --END-- [ RunTime:0.000693s ]
INFO: [ app_begin ] --START--
INFO: Run Behavior\ReadHtmlCacheBehavior [ RunTime:0.001482s ]
INFO: [ app_begin ] --END-- [ RunTime:0.001538s ]
SQL: select * from c5_guanlian,c5_user where c5_user.userid=c5_guanlian.userid [ RunTime:0.0010s ]

[ 2018-05-10T20:58:54+08:00 ] ::1 /think/index.php/home/user/index
INFO: [ app_init ] --START--
INFO: Run Behavior\BuildLiteBehavior [ RunTime:0.000012s ]
INFO: [ app_init ] --END-- [ RunTime:0.000783s ]
INFO: [ app_begin ] --START--
INFO: Run Behavior\ReadHtmlCacheBehavior [ RunTime:0.000770s ]
INFO: [ app_begin ] --END-- [ RunTime:0.000796s ]
SQL: select * from c5_guanlian left join c5_user on c5_guanlian.userid=c5_user.userid [ RunTime:0.0012s ]

[ 2018-05-10T20:59:53+08:00 ] ::1 /think/index.php/home/user/index
INFO: [ app_init ] --START--
INFO: Run Behavior\BuildLiteBehavior [ RunTime:0.000007s ]
INFO: [ app_init ] --END-- [ RunTime:0.000594s ]
INFO: [ app_begin ] --START--
INFO: Run Behavior\ReadHtmlCacheBehavior [ RunTime:0.000910s ]
INFO: [ app_begin ] --END-- [ RunTime:0.000942s ]
SQL: select * from c5_guanlian left join c5_user on c5_guanlian.userid=c5_user.userid [ RunTime:0.0008s ]

[ 2018-05-10T21:01:16+08:00 ] ::1 /think/index.php/home/user/index
INFO: [ app_init ] --START--
INFO: Run Behavior\BuildLiteBehavior [ RunTime:0.000009s ]
INFO: [ app_init ] --END-- [ RunTime:0.000870s ]
INFO: [ app_begin ] --START--
INFO: Run Behavior\ReadHtmlCacheBehavior [ RunTime:0.001091s ]
INFO: [ app_begin ] --END-- [ RunTime:0.001137s ]
SQL: SHOW COLUMNS FROM `c5_user` [ RunTime:0.0691s ]
SQL: SHOW COLUMNS FROM `c5_guanlian` [ RunTime:0.0706s ]
SQL: SELECT guanlian.name,user.username as username,user.password as password FROM c5_guanlian guanlian,c5_user user WHERE ( guanlian.userid = user.userid ) ORDER BY user.id desc  [ RunTime:0.0687s ]

[ 2018-05-10T21:09:05+08:00 ] ::1 /think/index.php/home/user/index
INFO: [ app_init ] --START--
INFO: Run Behavior\BuildLiteBehavior [ RunTime:0.000013s ]
INFO: [ app_init ] --END-- [ RunTime:0.000910s ]
INFO: [ app_begin ] --START--
INFO: Run Behavior\ReadHtmlCacheBehavior [ RunTime:0.002965s ]
INFO: [ app_begin ] --END-- [ RunTime:0.003135s ]
ERR: syntax error, unexpected '$list' (T_VARIABLE)

[ 2018-05-10T21:09:31+08:00 ] ::1 /think/index.php/home/user/index
INFO: [ app_init ] --START--
INFO: Run Behavior\BuildLiteBehavior [ RunTime:0.000006s ]
INFO: [ app_init ] --END-- [ RunTime:0.000616s ]
INFO: [ app_begin ] --START--
INFO: Run Behavior\ReadHtmlCacheBehavior [ RunTime:0.000727s ]
INFO: [ app_begin ] --END-- [ RunTime:0.000754s ]
SQL: SHOW COLUMNS FROM `c5_user` [ RunTime:0.0793s ]
SQL: SELECT * FROM `c5_user` WHERE `username` = 'admin1' AND `password` = '123456'  [ RunTime:0.0011s ]
NOTIC: [8] Undefined index: id D:\phpStudy\WWW\think\Application\Home\Controller\UserController.class.php 第 25 行.
NOTIC: [8] Undefined index: username D:\phpStudy\WWW\think\Application\Home\Controller\UserController.class.php 第 25 行.

[ 2018-05-10T21:09:52+08:00 ] ::1 /think/index.php/home/user/index
INFO: [ app_init ] --START--
INFO: Run Behavior\BuildLiteBehavior [ RunTime:0.000021s ]
INFO: [ app_init ] --END-- [ RunTime:0.000677s ]
INFO: [ app_begin ] --START--
INFO: Run Behavior\ReadHtmlCacheBehavior [ RunTime:0.000720s ]
INFO: [ app_begin ] --END-- [ RunTime:0.000743s ]
SQL: SHOW COLUMNS FROM `c5_user` [ RunTime:0.0779s ]
SQL: SELECT * FROM `c5_user` WHERE `username` = 'admin1' AND `password` = '123456'  [ RunTime:0.0009s ]
NOTIC: [8] Undefined index: id D:\phpStudy\WWW\think\Application\Home\Controller\UserController.class.php 第 25 行.
NOTIC: [8] Undefined index: username D:\phpStudy\WWW\think\Application\Home\Controller\UserController.class.php 第 25 行.

[ 2018-05-10T21:10:45+08:00 ] ::1 /think/index.php/home/user/index
INFO: [ app_init ] --START--
INFO: Run Behavior\BuildLiteBehavior [ RunTime:0.000006s ]
INFO: [ app_init ] --END-- [ RunTime:0.000641s ]
INFO: [ app_begin ] --START--
INFO: Run Behavior\ReadHtmlCacheBehavior [ RunTime:0.000724s ]
INFO: [ app_begin ] --END-- [ RunTime:0.000750s ]
SQL: SHOW COLUMNS FROM `c5_user` [ RunTime:0.0741s ]
SQL: SELECT * FROM `c5_user` WHERE `username` = 'admin1' AND `password` = '123456'  [ RunTime:0.0010s ]
NOTIC: [8] Undefined index: id D:\phpStudy\WWW\think\Application\Home\Controller\UserController.class.php 第 25 行.
NOTIC: [8] Undefined index: username D:\phpStudy\WWW\think\Application\Home\Controller\UserController.class.php 第 25 行.
NOTIC: [8] Undefined index: id D:\phpStudy\WWW\think\Application\Home\Controller\UserController.class.php 第 26 行.

[ 2018-05-10T21:11:09+08:00 ] ::1 /think/index.php/home/user/index
INFO: [ app_init ] --START--
INFO: Run Behavior\BuildLiteBehavior [ RunTime:0.000008s ]
INFO: [ app_init ] --END-- [ RunTime:0.001210s ]
INFO: [ app_begin ] --START--
INFO: Run Behavior\ReadHtmlCacheBehavior [ RunTime:0.000804s ]
INFO: [ app_begin ] --END-- [ RunTime:0.000830s ]
SQL: SHOW COLUMNS FROM `c5_user` [ RunTime:0.0740s ]
SQL: SELECT * FROM `c5_user` WHERE `username` = 'admin1' AND `password` = '123456'  [ RunTime:0.0012s ]
NOTIC: [8] Undefined index: id D:\phpStudy\WWW\think\Application\Home\Controller\UserController.class.php 第 25 行.
NOTIC: [8] Undefined index: username D:\phpStudy\WWW\think\Application\Home\Controller\UserController.class.php 第 25 行.

[ 2018-05-10T21:11:45+08:00 ] ::1 /think/index.php/home/user/index
INFO: [ app_init ] --START--
INFO: Run Behavior\BuildLiteBehavior [ RunTime:0.000007s ]
INFO: [ app_init ] --END-- [ RunTime:0.000646s ]
INFO: [ app_begin ] --START--
INFO: Run Behavior\ReadHtmlCacheBehavior [ RunTime:0.000725s ]
INFO: [ app_begin ] --END-- [ RunTime:0.000753s ]
SQL: SHOW COLUMNS FROM `c5_user` [ RunTime:0.0797s ]
SQL: SELECT * FROM `c5_user` WHERE `username` = 'admin1' AND `password` = '123456'  [ RunTime:0.0009s ]

[ 2018-05-10T21:11:58+08:00 ] ::1 /think/index.php/home/user/index
INFO: [ app_init ] --START--
INFO: Run Behavior\BuildLiteBehavior [ RunTime:0.000009s ]
INFO: [ app_init ] --END-- [ RunTime:0.000708s ]
INFO: [ app_begin ] --START--
INFO: Run Behavior\ReadHtmlCacheBehavior [ RunTime:0.000800s ]
INFO: [ app_begin ] --END-- [ RunTime:0.000833s ]
SQL: SHOW COLUMNS FROM `c5_user` [ RunTime:0.0693s ]
SQL: SELECT * FROM `c5_user` WHERE `username` = 'admin1' AND `password` = '123456'  [ RunTime:0.0009s ]

[ 2018-05-10T21:28:48+08:00 ] ::1 /think/index.php/home/user/index
INFO: [ app_init ] --START--
INFO: Run Behavior\BuildLiteBehavior [ RunTime:0.000023s ]
INFO: [ app_init ] --END-- [ RunTime:0.001106s ]
INFO: [ app_begin ] --START--
INFO: Run Behavior\ReadHtmlCacheBehavior [ RunTime:0.001170s ]
INFO: [ app_begin ] --END-- [ RunTime:0.001239s ]
SQL: SHOW COLUMNS FROM `c5_user` [ RunTime:0.0712s ]
ERR: 1146:Table 'thinkphp.guanlian' doesn't exist
 [ SQL语句 ] : SELECT * FROM c5_user a INNER JOIN guanlian as b on a.userid=b.userid  
ERR: 1146:Table 'thinkphp.guanlian' doesn't exist
 [ SQL语句 ] : SELECT * FROM c5_user a INNER JOIN guanlian as b on a.userid=b.userid  

[ 2018-05-10T21:29:17+08:00 ] ::1 /think/index.php/home/user/index
INFO: [ app_init ] --START--
INFO: Run Behavior\BuildLiteBehavior [ RunTime:0.000007s ]
INFO: [ app_init ] --END-- [ RunTime:0.000711s ]
INFO: [ app_begin ] --START--
INFO: Run Behavior\ReadHtmlCacheBehavior [ RunTime:0.000685s ]
INFO: [ app_begin ] --END-- [ RunTime:0.000709s ]
SQL: SHOW COLUMNS FROM `c5_user` [ RunTime:0.0747s ]
ERR: 1146:Table 'thinkphp._guanlian_b' doesn't exist
 [ SQL语句 ] : SELECT * FROM c5_user a INNER JOIN _GUANLIAN_b on a.userid=b.userid  
ERR: 1146:Table 'thinkphp._guanlian_b' doesn't exist
 [ SQL语句 ] : SELECT * FROM c5_user a INNER JOIN _GUANLIAN_b on a.userid=b.userid  

[ 2018-05-10T21:29:34+08:00 ] ::1 /think/index.php/home/user/index
INFO: [ app_init ] --START--
INFO: Run Behavior\BuildLiteBehavior [ RunTime:0.000006s ]
INFO: [ app_init ] --END-- [ RunTime:0.000607s ]
INFO: [ app_begin ] --START--
INFO: Run Behavior\ReadHtmlCacheBehavior [ RunTime:0.000775s ]
INFO: [ app_begin ] --END-- [ RunTime:0.000799s ]
SQL: SHOW COLUMNS FROM `c5_user` [ RunTime:0.0766s ]
ERR: 1146:Table 'thinkphp.c5_guanlianb' doesn't exist
 [ SQL语句 ] : SELECT * FROM c5_user a INNER JOIN c5_guanlianb on a.userid=b.userid  
ERR: 1146:Table 'thinkphp.c5_guanlianb' doesn't exist
 [ SQL语句 ] : SELECT * FROM c5_user a INNER JOIN c5_guanlianb on a.userid=b.userid  

[ 2018-05-10T21:29:59+08:00 ] ::1 /think/index.php/home/user/index
INFO: [ app_init ] --START--
INFO: Run Behavior\BuildLiteBehavior [ RunTime:0.000007s ]
INFO: [ app_init ] --END-- [ RunTime:0.000618s ]
INFO: [ app_begin ] --START--
INFO: Run Behavior\ReadHtmlCacheBehavior [ RunTime:0.000736s ]
INFO: [ app_begin ] --END-- [ RunTime:0.000760s ]
SQL: SHOW COLUMNS FROM `c5_user` [ RunTime:0.0716s ]
SQL: SELECT * FROM c5_user a INNER JOIN c5_guanlian b on a.userid=b.userid   [ RunTime:0.0392s ]

[ 2018-05-10T21:36:45+08:00 ] ::1 /think/index.php/home/user/index
INFO: [ app_init ] --START--
INFO: Run Behavior\BuildLiteBehavior [ RunTime:0.000012s ]
INFO: [ app_init ] --END-- [ RunTime:0.000811s ]
INFO: [ app_begin ] --START--
INFO: Run Behavior\ReadHtmlCacheBehavior [ RunTime:0.001128s ]
INFO: [ app_begin ] --END-- [ RunTime:0.001184s ]
SQL: SHOW COLUMNS FROM `c5_user` [ RunTime:0.0838s ]
SQL: INSERT INTO `c5_user` (`username`,`password`,`status`,`userid`,`create_time`) VALUES ('zhangsan','123456','1','1','2018-05-01 08:40:16') [ RunTime:0.0011s ]
INFO: [ app_end ] --START--
INFO: Run Behavior\ShowPageTraceBehavior [ RunTime:0.003309s ]
INFO: [ app_end ] --END-- [ RunTime:0.003403s ]

[ 2018-05-10T21:42:12+08:00 ] ::1 /think/index.php/home/user/index
INFO: [ app_init ] --START--
INFO: Run Behavior\BuildLiteBehavior [ RunTime:0.000007s ]
INFO: [ app_init ] --END-- [ RunTime:0.000746s ]
INFO: [ app_begin ] --START--
INFO: Run Behavior\ReadHtmlCacheBehavior [ RunTime:0.001137s ]
INFO: [ app_begin ] --END-- [ RunTime:0.001162s ]
SQL: SHOW COLUMNS FROM `c5_user` [ RunTime:0.0839s ]
SQL: SELECT `id`,`username` FROM `c5_user`  [ RunTime:0.0009s ]

[ 2018-05-10T21:43:07+08:00 ] ::1 /think/index.php/home/user/index
INFO: [ app_init ] --START--
INFO: Run Behavior\BuildLiteBehavior [ RunTime:0.000007s ]
INFO: [ app_init ] --END-- [ RunTime:0.000967s ]
INFO: [ app_begin ] --START--
INFO: Run Behavior\ReadHtmlCacheBehavior [ RunTime:0.001445s ]
INFO: [ app_begin ] --END-- [ RunTime:0.001475s ]
SQL: SHOW COLUMNS FROM `c5_user` [ RunTime:0.0825s ]
SQL: SELECT `password`,`status`,`create_time`,`userid` FROM `c5_user`  [ RunTime:0.0011s ]

[ 2018-05-10T21:45:01+08:00 ] ::1 /think/index.php/home/user/index
INFO: [ app_init ] --START--
INFO: Run Behavior\BuildLiteBehavior [ RunTime:0.000006s ]
INFO: [ app_init ] --END-- [ RunTime:0.000725s ]
INFO: [ app_begin ] --START--
INFO: Run Behavior\ReadHtmlCacheBehavior [ RunTime:0.001160s ]
INFO: [ app_begin ] --END-- [ RunTime:0.001185s ]
SQL: SHOW COLUMNS FROM `c5_user` [ RunTime:0.0931s ]
INFO: [ app_end ] --START--
INFO: Run Behavior\ShowPageTraceBehavior [ RunTime:0.002757s ]
INFO: [ app_end ] --END-- [ RunTime:0.002816s ]

